<?xml version="1.0" encoding="UTF-8"?>
<!-- Generated by org.testng.reporters.JUnitReportReporter -->
<testsuite hostname="DESKTOP-T9MCT9U" failures="0" tests="1" name="loginPage.myTestCases" time="1.207" errors="0" timestamp="2025-07-06T00:27:48 CEST" skipped="0">
  <testcase classname="loginPage.myTestCases" name="signup" time="1.207"/>
</testsuite> <!-- loginPage.myTestCases -->
