<?xml version="1.0" encoding="UTF-8"?>
<!-- Generated by org.testng.reporters.JUnitReportReporter -->
<testsuite hostname="DESKTOP-T9MCT9U" failures="0" tests="4" name="loginPage.myTestCases" time="24.061" errors="0" timestamp="2025-07-09T23:15:45 CEST" skipped="0">
  <testcase classname="loginPage.myTestCases" name="SignUP" time="11.922"/>
  <testcase classname="loginPage.myTestCases" name="Logout" time="3.490"/>
  <testcase classname="loginPage.myTestCases" name="Login" time="1.849"/>
  <testcase classname="loginPage.myTestCases" name="AddToCart" time="6.800"/>
</testsuite> <!-- loginPage.myTestCases -->
